Running Jupyter-Book v0.12.1
Source Folder: /workspaces/peeps/src
Config Path: /workspaces/peeps/src/_config.yml
Output Path: _build/html
[01mRunning Sphinx v4.3.0[39;49;00m
[01mloading translations [zh_CN]... [39;49;00mdone
[01mmaking output directory... [39;49;00mdone
[01mmyst v0.15.2:[39;49;00m MdParserConfig(renderer='sphinx', commonmark_only=False, enable_extensions=['colon_fence', 'dollarmath', 'linkify', 'substitution', 'tasklist'], dmath_allow_labels=True, dmath_allow_space=True, dmath_allow_digits=True, dmath_double_inline=False, update_mathjax=True, mathjax_classes='tex2jax_process|mathjax_process|math|output_area', disable_syntax=[], url_schemes=['mailto', 'http', 'https'], heading_anchors=None, heading_slug_func=None, html_meta=[], footnote_transition=True, substitutions=[], sub_delimiters=['{', '}'], words_per_minute=200)
[01mbuilding [mo]: [39;49;00mtargets for 0 po files that are out of date
[01mbuilding [html]: [39;49;00mtargets for 7 source files that are out of date
[01mupdating environment: [39;49;00m[new config] 7 added, 0 changed, 0 removed
[01mreading sources... [39;49;00m[ 14%] [35m01_intro/00[39;49;00m                                                                                                   [01mreading sources... [39;49;00m[ 28%] [35m01_intro/01[39;49;00m                                                                                                   [01mreading sources... [39;49;00m[ 42%] [35m01_intro/02[39;49;00m                                                                                                   [01mreading sources... [39;49;00m[ 57%] [35m02_github/00[39;49;00m                                                                                                  [01mreading sources... [39;49;00m[ 71%] [35m02_github/01[39;49;00m                                                                                                  [01mreading sources... [39;49;00m[ 85%] [35m02_github/02[39;49;00m                                                                                                  [01mreading sources... [39;49;00m[100%] [35mindex[39;49;00m                                                                                                         
[01mlooking for now-outdated files... [39;49;00mnone found
[01mpickling environment... [39;49;00mdone
[01mchecking consistency... [39;49;00mdone
[01mpreparing documents... [39;49;00mdone
[01mwriting output... [39;49;00m[ 14%] [32m01_intro/00[39;49;00m                                                                                                    [01mwriting output... [39;49;00m[ 28%] [32m01_intro/01[39;49;00m                                                                                                    [01mwriting output... [39;49;00m[ 42%] [32m01_intro/02[39;49;00m                                                                                                    [01mwriting output... [39;49;00m[ 57%] [32m02_github/00[39;49;00m                                                                                                   [01mwriting output... [39;49;00m[ 71%] [32m02_github/01[39;49;00m                                                                                                   [01mwriting output... [39;49;00m[ 85%] [32m02_github/02[39;49;00m                                                                                                   [01mwriting output... [39;49;00m[100%] [32mindex[39;49;00m                                                                                                          
[01mgenerating indices... [39;49;00mgenindex done
[01mwriting additional pages... [39;49;00msearch done
[01mcopying static files... [39;49;00mdone
[01mcopying extra files... [39;49;00mdone
[01mdumping search index in Chinese (code: zh)... [39;49;00mdone
[01mdumping object inventory... [39;49;00mdone
[01mbuild succeeded, 2 warnings.[39;49;00m

The HTML pages are in _build/html.

[92m===============================================================================[0m

Finished generating HTML for book.
Your book's HTML pages are here:
    _build/html/
You can look at your book by opening this file in a browser:
    _build/html/index.html
Or paste this line directly into your browser bar:
    file:///workspaces/peeps/_build/html/index.html            

[92m===============================================================================[0m

